Using pre-set license
Built from '2021.3/china_unity/release' branch; Version is '2021.3.45f1c2 (60b1a63e558a) revision 6336934'; Using compiler version '192829333'; Build Type 'Release'
OS: 'Windows 11  (10.0.26200) 64bit Professional' Language: 'zh' Physical Memory: 32557 MB
BatchMode: 1, IsHumanControllingUs: 0, StartBugReporterOnCrash: 0, Is64bit: 1, IsPro: 1

COMMAND LINE ARGUMENTS:
D:\Unity\2021.3.45f1c2\Editor\Unity.exe
-adb2
-batchMode
-noUpm
-name
AssetImportWorker0
-projectPath
E:/StudentScoreProject/ScoreManagementClient/ScoreManagementClient
-logFile
Logs/AssetImportWorker0.log
-srvPort
12430
Successfully changed project path to: E:/StudentScoreProject/ScoreManagementClient/ScoreManagementClient
E:/StudentScoreProject/ScoreManagementClient/ScoreManagementClient
[UnityMemory] Configuration Parameters - Can be set up in boot.config
    "memorysetup-bucket-allocator-granularity=16"
    "memorysetup-bucket-allocator-bucket-count=8"
    "memorysetup-bucket-allocator-block-size=33554432"
    "memorysetup-bucket-allocator-block-count=8"
    "memorysetup-main-allocator-block-size=16777216"
    "memorysetup-thread-allocator-block-size=16777216"
    "memorysetup-gfx-main-allocator-block-size=16777216"
    "memorysetup-gfx-thread-allocator-block-size=16777216"
    "memorysetup-cache-allocator-block-size=4194304"
    "memorysetup-typetree-allocator-block-size=2097152"
    "memorysetup-profiler-bucket-allocator-granularity=16"
    "memorysetup-profiler-bucket-allocator-bucket-count=8"
    "memorysetup-profiler-bucket-allocator-block-size=33554432"
    "memorysetup-profiler-bucket-allocator-block-count=8"
    "memorysetup-profiler-allocator-block-size=16777216"
    "memorysetup-profiler-editor-allocator-block-size=1048576"
    "memorysetup-temp-allocator-size-main=16777216"
    "memorysetup-job-temp-allocator-block-size=2097152"
    "memorysetup-job-temp-allocator-block-size-background=1048576"
    "memorysetup-job-temp-allocator-reduction-small-platforms=262144"
    "memorysetup-temp-allocator-size-background-worker=32768"
    "memorysetup-temp-allocator-size-job-worker=262144"
    "memorysetup-temp-allocator-size-preload-manager=33554432"
    "memorysetup-temp-allocator-size-nav-mesh-worker=65536"
    "memorysetup-temp-allocator-size-audio-worker=65536"
    "memorysetup-temp-allocator-size-cloud-worker=32768"
    "memorysetup-temp-allocator-size-gi-baking-worker=262144"
    "memorysetup-temp-allocator-size-gfx=262144"
Player connection [4704] Host "[IP] 192.168.1.9 [Port] 0 [Flags] 2 [Guid] 235395718 [EditorId] 235395718 [Version] 1048832 [Id] WindowsEditor(7,DESKTOP-19IU317) [Debug] 1 [PackageName] WindowsEditor [ProjectName] Editor" joined multi-casting on [225.0.0.222:54997]...

Player connection [4704] Host "[IP] 192.168.1.9 [Port] 0 [Flags] 2 [Guid] 235395718 [EditorId] 235395718 [Version] 1048832 [Id] WindowsEditor(7,DESKTOP-19IU317) [Debug] 1 [PackageName] WindowsEditor [ProjectName] Editor" joined alternative multi-casting on [225.0.0.222:34997]...

AS: AutoStreaming module initializing.
[Physics::Module] Initialized MultithreadedJobDispatcher with {0} workers.
Refreshing native plugins compatible for Editor in 32.74 ms, found 3 plugins.
Preloading 0 native plugins for Editor in 0.00 ms.
Initialize engine version: 2021.3.45f1c2 (60b1a63e558a)
[Subsystems] Discovering subsystems at path D:/Unity/2021.3.45f1c2/Editor/Data/Resources/UnitySubsystems
[Subsystems] Discovering subsystems at path E:/StudentScoreProject/ScoreManagementClient/ScoreManagementClient/Assets
GfxDevice: creating device client; threaded=0; jobified=0
Direct3D:
    Version:  Direct3D 11.0 [level 11.1]
    Renderer: NVIDIA GeForce RTX 5060 Ti (ID=0x2d04)
    Vendor:   NVIDIA
    VRAM:     7802 MB
    Driver:   32.0.15.8142
Initialize mono
Mono path[0] = 'D:/Unity/2021.3.45f1c2/Editor/Data/Managed'
Mono path[1] = 'D:/Unity/2021.3.45f1c2/Editor/Data/MonoBleedingEdge/lib/mono/unityjit-win32'
Mono config path = 'D:/Unity/2021.3.45f1c2/Editor/Data/MonoBleedingEdge/etc'
Using monoOptions --debugger-agent=transport=dt_socket,embedding=1,server=y,suspend=n,address=127.0.0.1:56240
Begin MonoManager ReloadAssembly
Registering precompiled unity dll's ...
Register platform support module: D:/Unity/2021.3.45f1c2/Editor/Data/PlaybackEngines/AndroidPlayer/UnityEditor.Android.Extensions.dll
Register platform support module: D:/Unity/2021.3.45f1c2/Editor/Data/PlaybackEngines/iOSSupport/UnityEditor.iOS.Extensions.dll
Register platform support module: D:/Unity/2021.3.45f1c2/Editor/Data/PlaybackEngines/WindowsStandaloneSupport/UnityEditor.WindowsStandalone.Extensions.dll
Registered in 0.008219 seconds.
Native extension for WindowsStandalone target not found
[usbmuxd] Start listen thread
[usbmuxd] Listen thread started
Native extension for iOS target not found
Native extension for Android target not found
Android Extension - Scanning For ADB Devices 263 ms
Refreshing native plugins compatible for Editor in 30.79 ms, found 3 plugins.
Preloading 0 native plugins for Editor in 0.00 ms.
Mono: successfully reloaded assembly
- Completed reload, in  0.742 seconds
Domain Reload Profiling:
	ReloadAssembly (743ms)
		BeginReloadAssembly (71ms)
			ExecutionOrderSort (0ms)
			DisableScriptedObjects (0ms)
			BackupInstance (0ms)
			ReleaseScriptingObjects (0ms)
			CreateAndSetChildDomain (1ms)
		EndReloadAssembly (596ms)
			LoadAssemblies (70ms)
			RebuildTransferFunctionScriptingTraits (0ms)
			SetupTypeCache (76ms)
			ReleaseScriptCaches (0ms)
			RebuildScriptCaches (20ms)
			SetupLoadedEditorAssemblies (470ms)
				LogAssemblyErrors (0ms)
				InitializePlatformSupportModulesInManaged (326ms)
				SetLoadedEditorAssemblies (0ms)
				RefreshPlugins (31ms)
				BeforeProcessingInitializeOnLoad (1ms)
				ProcessInitializeOnLoadAttributes (77ms)
				ProcessInitializeOnLoadMethodAttributes (35ms)
				AfterProcessingInitializeOnLoad (0ms)
				EditorAssembliesLoaded (0ms)
			ExecutionOrderSort2 (0ms)
			AwakeInstancesAfterBackupRestoration (0ms)
Platform modules already initialized, skipping
Registering precompiled user dll's ...
Registered in 0.006201 seconds.
Begin MonoManager ReloadAssembly
Native extension for WindowsStandalone target not found
Native extension for iOS target not found
Native extension for Android target not found
Refreshing native plugins compatible for Editor in 0.34 ms, found 3 plugins.
Preloading 0 native plugins for Editor in 0.00 ms.
Package Manager log level set to [2]
[Package Manager] Server::EnsureServerProcessIsRunning -- launch failed, reason: Unity was launched with the -noUpm command-line argument
[Package Manager] Cannot connect to Unity Package Manager local server
Mono: successfully reloaded assembly
- Completed reload, in  1.086 seconds
Domain Reload Profiling:
	ReloadAssembly (1087ms)
		BeginReloadAssembly (92ms)
			ExecutionOrderSort (0ms)
			DisableScriptedObjects (4ms)
			BackupInstance (0ms)
			ReleaseScriptingObjects (0ms)
			CreateAndSetChildDomain (13ms)
		EndReloadAssembly (916ms)
			LoadAssemblies (67ms)
			RebuildTransferFunctionScriptingTraits (0ms)
			SetupTypeCache (181ms)
			ReleaseScriptCaches (0ms)
			RebuildScriptCaches (33ms)
			SetupLoadedEditorAssemblies (627ms)
				LogAssemblyErrors (0ms)
				InitializePlatformSupportModulesInManaged (18ms)
				SetLoadedEditorAssemblies (0ms)
				RefreshPlugins (0ms)
				BeforeProcessingInitializeOnLoad (37ms)
				ProcessInitializeOnLoadAttributes (555ms)
				ProcessInitializeOnLoadMethodAttributes (14ms)
				AfterProcessingInitializeOnLoad (3ms)
				EditorAssembliesLoaded (0ms)
			ExecutionOrderSort2 (0ms)
			AwakeInstancesAfterBackupRestoration (4ms)
Platform modules already initialized, skipping
========================================================================
Worker process is ready to serve import requests
Launched and connected shader compiler UnityShaderCompiler.exe after 0.03 seconds
Refreshing native plugins compatible for Editor in 0.35 ms, found 3 plugins.
Preloading 0 native plugins for Editor in 0.00 ms.
Unloading 3097 Unused Serialized files (Serialized files now loaded: 0)
Unloading 24 unused Assets / (46.8 KB). Loaded Objects now: 3559.
Memory consumption went from 111.4 MB to 111.3 MB.
Total: 2.281400 ms (FindLiveObjects: 0.157300 ms CreateObjectMapping: 0.062700 ms MarkObjects: 2.003100 ms  DeleteObjects: 0.056600 ms)

AssetImportParameters requested are different than current active one (requested -> active):
  custom:video-decoder-ogg-theora: a1e56fd34408186e4bbccfd4996cb3dc -> 
  custom:container-muxer-webm: aa71ff27fc2769a1b78a27578f13a17b -> 
  custom:container-demuxer-webm: 4f35f7cbe854078d1ac9338744f61a02 -> 
  custom:video-encoder-webm-vp8: eb34c28f22e8b96e1ab97ce403110664 -> 
  custom:CustomObjectIndexerAttribute: bc11b3a6c3213fcdd17b65e7da85e133 -> 
  custom:audio-encoder-webm-vorbis: bf7c407c2cedff20999df2af8eb42d56 -> 
  custom:framework-win-MediaFoundation: 216162199b28c13a410421893ffa2e32 -> 
  custom:SearchIndexIgnoredProperties: e643bd26f0fe6173181afceb89e7c659 -> 
  custom:container-demuxer-ogg: 62fdf1f143b41e24485cea50d1cbac27 -> 
  custom:video-decoder-webm-vp8: 9c59270c3fd7afecdb556c50c9e8de78 -> 
  custom:audio-decoder-ogg-vorbis: bf7c407c2cedff20999df2af8eb42d56 -> 
========================================================================
Received Import Request.
  Time since last request: 237.889509 seconds.
  path: Assets/Scenes/Main.unity
  artifactKey: Guid(1eed591269dc10b4f9d69272c517ecc4) Importer(815301076,1909f56bfc062723c751e8b465ee728b)
Number of updated assets reloaded before import = 0
Start importing Assets/Scenes/Main.unity using Guid(1eed591269dc10b4f9d69272c517ecc4) Importer(815301076,1909f56bfc062723c751e8b465ee728b)  -> (artifact id: 'd817e22c23e6b3a43d8385ade718c3d7') in 0.005459 seconds 
Number of asset objects unloaded after import = 0
========================================================================
Received Prepare
Registering precompiled user dll's ...
Registered in 0.006635 seconds.
Begin MonoManager ReloadAssembly
Native extension for WindowsStandalone target not found
Native extension for iOS target not found
Native extension for Android target not found
Refreshing native plugins compatible for Editor in 0.33 ms, found 3 plugins.
Preloading 0 native plugins for Editor in 0.00 ms.
[Package Manager] Server::EnsureServerProcessIsRunning -- launch failed, reason: Unity was launched with the -noUpm command-line argument
[Package Manager] Cannot connect to Unity Package Manager local server
Mono: successfully reloaded assembly
- Completed reload, in  1.095 seconds
Domain Reload Profiling:
	ReloadAssembly (1095ms)
		BeginReloadAssembly (112ms)
			ExecutionOrderSort (0ms)
			DisableScriptedObjects (3ms)
			BackupInstance (0ms)
			ReleaseScriptingObjects (0ms)
			CreateAndSetChildDomain (23ms)
		EndReloadAssembly (914ms)
			LoadAssemblies (73ms)
			RebuildTransferFunctionScriptingTraits (0ms)
			SetupTypeCache (182ms)
			ReleaseScriptCaches (1ms)
			RebuildScriptCaches (27ms)
			SetupLoadedEditorAssemblies (622ms)
				LogAssemblyErrors (0ms)
				InitializePlatformSupportModulesInManaged (17ms)
				SetLoadedEditorAssemblies (0ms)
				RefreshPlugins (0ms)
				BeforeProcessingInitializeOnLoad (31ms)
				ProcessInitializeOnLoadAttributes (551ms)
				ProcessInitializeOnLoadMethodAttributes (17ms)
				AfterProcessingInitializeOnLoad (4ms)
				EditorAssembliesLoaded (0ms)
			ExecutionOrderSort2 (0ms)
			AwakeInstancesAfterBackupRestoration (6ms)
Platform modules already initialized, skipping
Refreshing native plugins compatible for Editor in 0.36 ms, found 3 plugins.
Preloading 0 native plugins for Editor in 0.00 ms.
Unloading 3137 Unused Serialized files (Serialized files now loaded: 0)
Unloading 32 unused Assets / (0.7 MB). Loaded Objects now: 3596.
Memory consumption went from 114.5 MB to 113.8 MB.
Total: 2.169300 ms (FindLiveObjects: 0.149400 ms CreateObjectMapping: 0.061900 ms MarkObjects: 1.759700 ms  DeleteObjects: 0.197600 ms)

AssetImportParameters requested are different than current active one (requested -> active):
  custom:video-decoder-ogg-theora: a1e56fd34408186e4bbccfd4996cb3dc -> 
  custom:container-muxer-webm: aa71ff27fc2769a1b78a27578f13a17b -> 
  custom:container-demuxer-webm: 4f35f7cbe854078d1ac9338744f61a02 -> 
  custom:video-encoder-webm-vp8: eb34c28f22e8b96e1ab97ce403110664 -> 
  custom:CustomObjectIndexerAttribute: bc11b3a6c3213fcdd17b65e7da85e133 -> 
  custom:audio-encoder-webm-vorbis: bf7c407c2cedff20999df2af8eb42d56 -> 
  custom:framework-win-MediaFoundation: 216162199b28c13a410421893ffa2e32 -> 
  custom:SearchIndexIgnoredProperties: e643bd26f0fe6173181afceb89e7c659 -> 
  custom:container-demuxer-ogg: 62fdf1f143b41e24485cea50d1cbac27 -> 
  custom:video-decoder-webm-vp8: 9c59270c3fd7afecdb556c50c9e8de78 -> 
  custom:audio-decoder-ogg-vorbis: bf7c407c2cedff20999df2af8eb42d56 -> 
========================================================================
Received Import Request.
  Time since last request: 239.897858 seconds.
  path: Assets/Scripts/Features/Score/Controllers/ScoreController.cs
  artifactKey: Guid(818965eee51ed0c46b5dcb81fd073e30) Importer(815301076,1909f56bfc062723c751e8b465ee728b)
Number of updated assets reloaded before import = 0
Start importing Assets/Scripts/Features/Score/Controllers/ScoreController.cs using Guid(818965eee51ed0c46b5dcb81fd073e30) Importer(815301076,1909f56bfc062723c751e8b465ee728b)  -> (artifact id: '5ec34a039fcfeb6de81eb42bc942ca85') in 0.017093 seconds 
Number of asset objects unloaded after import = 0
========================================================================
Received Import Request.
  Time since last request: 29.313474 seconds.
  path: Assets/Scripts/Features/Score/Views/LeaderboardView.cs
  artifactKey: Guid(b0e9161cea3d6ce478ff612a95d70c0e) Importer(815301076,1909f56bfc062723c751e8b465ee728b)
Number of updated assets reloaded before import = 0
Start importing Assets/Scripts/Features/Score/Views/LeaderboardView.cs using Guid(b0e9161cea3d6ce478ff612a95d70c0e) Importer(815301076,1909f56bfc062723c751e8b465ee728b)  -> (artifact id: 'e5520f010ef491d2df64a4aee4221017') in 0.001659 seconds 
Number of asset objects unloaded after import = 0
========================================================================
Received Import Request.
  Time since last request: 13.182839 seconds.
  path: Assets/Scripts/Features/Score/Views/testLoginView.cs
  artifactKey: Guid(63945a2bf408ce240bb983fbfe825b27) Importer(815301076,1909f56bfc062723c751e8b465ee728b)
Number of updated assets reloaded before import = 0
Start importing Assets/Scripts/Features/Score/Views/testLoginView.cs using Guid(63945a2bf408ce240bb983fbfe825b27) Importer(815301076,1909f56bfc062723c751e8b465ee728b)  -> (artifact id: 'c8d2e2c44461408a2bac0ccc5561ac3e') in 0.002012 seconds 
Number of asset objects unloaded after import = 0
========================================================================
Received Prepare
Registering precompiled user dll's ...
Registered in 0.025323 seconds.
Begin MonoManager ReloadAssembly
Native extension for WindowsStandalone target not found
Native extension for iOS target not found
Native extension for Android target not found
Refreshing native plugins compatible for Editor in 0.58 ms, found 3 plugins.
Preloading 0 native plugins for Editor in 0.00 ms.
[Package Manager] Server::EnsureServerProcessIsRunning -- launch failed, reason: Unity was launched with the -noUpm command-line argument
[Package Manager] Cannot connect to Unity Package Manager local server
Mono: successfully reloaded assembly
- Completed reload, in  1.533 seconds
Domain Reload Profiling:
	ReloadAssembly (1534ms)
		BeginReloadAssembly (195ms)
			ExecutionOrderSort (0ms)
			DisableScriptedObjects (8ms)
			BackupInstance (0ms)
			ReleaseScriptingObjects (0ms)
			CreateAndSetChildDomain (40ms)
		EndReloadAssembly (1226ms)
			LoadAssemblies (132ms)
			RebuildTransferFunctionScriptingTraits (0ms)
			SetupTypeCache (316ms)
			ReleaseScriptCaches (1ms)
			RebuildScriptCaches (42ms)
			SetupLoadedEditorAssemblies (744ms)
				LogAssemblyErrors (0ms)
				InitializePlatformSupportModulesInManaged (19ms)
				SetLoadedEditorAssemblies (1ms)
				RefreshPlugins (1ms)
				BeforeProcessingInitializeOnLoad (35ms)
				ProcessInitializeOnLoadAttributes (653ms)
				ProcessInitializeOnLoadMethodAttributes (30ms)
				AfterProcessingInitializeOnLoad (5ms)
				EditorAssembliesLoaded (0ms)
			ExecutionOrderSort2 (0ms)
			AwakeInstancesAfterBackupRestoration (8ms)
Platform modules already initialized, skipping
Refreshing native plugins compatible for Editor in 0.48 ms, found 3 plugins.
Preloading 0 native plugins for Editor in 0.00 ms.
Unloading 3138 Unused Serialized files (Serialized files now loaded: 0)
Unloading 32 unused Assets / (0.7 MB). Loaded Objects now: 3600.
Memory consumption went from 114.5 MB to 113.8 MB.
Total: 3.472400 ms (FindLiveObjects: 0.425300 ms CreateObjectMapping: 0.103600 ms MarkObjects: 2.556600 ms  DeleteObjects: 0.385300 ms)

AssetImportParameters requested are different than current active one (requested -> active):
  custom:video-decoder-ogg-theora: a1e56fd34408186e4bbccfd4996cb3dc -> 
  custom:container-muxer-webm: aa71ff27fc2769a1b78a27578f13a17b -> 
  custom:container-demuxer-webm: 4f35f7cbe854078d1ac9338744f61a02 -> 
  custom:video-encoder-webm-vp8: eb34c28f22e8b96e1ab97ce403110664 -> 
  custom:CustomObjectIndexerAttribute: bc11b3a6c3213fcdd17b65e7da85e133 -> 
  custom:audio-encoder-webm-vorbis: bf7c407c2cedff20999df2af8eb42d56 -> 
  custom:framework-win-MediaFoundation: 216162199b28c13a410421893ffa2e32 -> 
  custom:SearchIndexIgnoredProperties: e643bd26f0fe6173181afceb89e7c659 -> 
  custom:container-demuxer-ogg: 62fdf1f143b41e24485cea50d1cbac27 -> 
  custom:video-decoder-webm-vp8: 9c59270c3fd7afecdb556c50c9e8de78 -> 
  custom:audio-decoder-ogg-vorbis: bf7c407c2cedff20999df2af8eb42d56 -> 
========================================================================
Received Import Request.
  Time since last request: 90.923927 seconds.
  path: Assets/Scripts/Features/Score/Views/testLoginView.cs
  artifactKey: Guid(63945a2bf408ce240bb983fbfe825b27) Importer(815301076,1909f56bfc062723c751e8b465ee728b)
Number of updated assets reloaded before import = 0
Start importing Assets/Scripts/Features/Score/Views/testLoginView.cs using Guid(63945a2bf408ce240bb983fbfe825b27) Importer(815301076,1909f56bfc062723c751e8b465ee728b)  -> (artifact id: '5d13a9b0c1974474e606125c3c1bbfbb') in 0.009065 seconds 
Number of asset objects unloaded after import = 0
========================================================================
Received Import Request.
  Time since last request: 1.691953 seconds.
  path: Assets/Scripts/Features/Score/Views/testLoginView.cs
  artifactKey: Guid(63945a2bf408ce240bb983fbfe825b27) Importer(815301076,1909f56bfc062723c751e8b465ee728b)
Number of updated assets reloaded before import = 0
Start importing Assets/Scripts/Features/Score/Views/testLoginView.cs using Guid(63945a2bf408ce240bb983fbfe825b27) Importer(815301076,1909f56bfc062723c751e8b465ee728b)  -> (artifact id: '28b79702e1742a03ed0ca54206e36f89') in 0.001628 seconds 
Number of asset objects unloaded after import = 0
========================================================================
Received Import Request.
  Time since last request: 6.737859 seconds.
  path: Assets/Scripts/Features/Score/Views/testLoginView.cs
  artifactKey: Guid(63945a2bf408ce240bb983fbfe825b27) Importer(815301076,1909f56bfc062723c751e8b465ee728b)
Number of updated assets reloaded before import = 0
Start importing Assets/Scripts/Features/Score/Views/testLoginView.cs using Guid(63945a2bf408ce240bb983fbfe825b27) Importer(815301076,1909f56bfc062723c751e8b465ee728b)  -> (artifact id: 'b8d4087bb4ff44401b8471957db1d2dc') in 0.001625 seconds 
Number of asset objects unloaded after import = 0
========================================================================
Received Import Request.
  Time since last request: 343.592790 seconds.
  path: Assets/Scripts/Features/Score/Controllers/LoginController.cs
  artifactKey: Guid(193df200e2ec5a64888d2e32cdadb3ae) Importer(815301076,1909f56bfc062723c751e8b465ee728b)
Number of updated assets reloaded before import = 0
Start importing Assets/Scripts/Features/Score/Controllers/LoginController.cs using Guid(193df200e2ec5a64888d2e32cdadb3ae) Importer(815301076,1909f56bfc062723c751e8b465ee728b)  -> (artifact id: '783386040de4e342ed65e1a2c14f425c') in 0.001795 seconds 
Number of asset objects unloaded after import = 0
========================================================================
Received Import Request.
  Time since last request: 85.703359 seconds.
  path: Assets/Scripts/Features/Score/Controllers/LoginController.cs
  artifactKey: Guid(193df200e2ec5a64888d2e32cdadb3ae) Importer(815301076,1909f56bfc062723c751e8b465ee728b)
Number of updated assets reloaded before import = 0
Start importing Assets/Scripts/Features/Score/Controllers/LoginController.cs using Guid(193df200e2ec5a64888d2e32cdadb3ae) Importer(815301076,1909f56bfc062723c751e8b465ee728b)  -> (artifact id: '6fe4a36e20a8f60ee31b1f295ba714f1') in 0.001249 seconds 
Number of asset objects unloaded after import = 0
========================================================================
Received Import Request.
  Time since last request: 85.386779 seconds.
  path: Assets/Scripts/Features/Score/Views/testLoginView.cs
  artifactKey: Guid(63945a2bf408ce240bb983fbfe825b27) Importer(815301076,1909f56bfc062723c751e8b465ee728b)
Number of updated assets reloaded before import = 0
Start importing Assets/Scripts/Features/Score/Views/testLoginView.cs using Guid(63945a2bf408ce240bb983fbfe825b27) Importer(815301076,1909f56bfc062723c751e8b465ee728b)  -> (artifact id: 'bee1941cf479fb858bf6a260ae499d62') in 0.001247 seconds 
Number of asset objects unloaded after import = 0
========================================================================
Received Import Request.
  Time since last request: 3.037049 seconds.
  path: Assets/Scripts/Features/Score/Views/LoginView.cs
  artifactKey: Guid(63945a2bf408ce240bb983fbfe825b27) Importer(815301076,1909f56bfc062723c751e8b465ee728b)
Number of updated assets reloaded before import = 0
Start importing Assets/Scripts/Features/Score/Views/LoginView.cs using Guid(63945a2bf408ce240bb983fbfe825b27) Importer(815301076,1909f56bfc062723c751e8b465ee728b)  -> (artifact id: 'd33b09d3b243181b9b6a608ce38297c7') in 0.001302 seconds 
Number of asset objects unloaded after import = 0
========================================================================
Received Import Request.
  Time since last request: 9.839412 seconds.
  path: Assets/Scripts/Features/Score/Views/LoginView.cs
  artifactKey: Guid(63945a2bf408ce240bb983fbfe825b27) Importer(815301076,1909f56bfc062723c751e8b465ee728b)
Number of updated assets reloaded before import = 0
Start importing Assets/Scripts/Features/Score/Views/LoginView.cs using Guid(63945a2bf408ce240bb983fbfe825b27) Importer(815301076,1909f56bfc062723c751e8b465ee728b)  -> (artifact id: '87c5d351d12649b8ba7af87c2c9952c8') in 0.001265 seconds 
Number of asset objects unloaded after import = 0
========================================================================
Received Import Request.
  Time since last request: 141.615083 seconds.
  path: Assets/Scripts/Features/Score/Views/LoginView.cs
  artifactKey: Guid(63945a2bf408ce240bb983fbfe825b27) Importer(815301076,1909f56bfc062723c751e8b465ee728b)
Number of updated assets reloaded before import = 0
Start importing Assets/Scripts/Features/Score/Views/LoginView.cs using Guid(63945a2bf408ce240bb983fbfe825b27) Importer(815301076,1909f56bfc062723c751e8b465ee728b)  -> (artifact id: 'b4f2fd5d1e63561681b7e3a96e5f4cec') in 0.001334 seconds 
Number of asset objects unloaded after import = 0
========================================================================
Received Import Request.
  Time since last request: 534.598755 seconds.
  path: Assets/Scripts/Core/Network/NetworkConfig.cs
  artifactKey: Guid(03c239240a0f90244814c205ea9827e3) Importer(815301076,1909f56bfc062723c751e8b465ee728b)
Number of updated assets reloaded before import = 0
Start importing Assets/Scripts/Core/Network/NetworkConfig.cs using Guid(03c239240a0f90244814c205ea9827e3) Importer(815301076,1909f56bfc062723c751e8b465ee728b)  -> (artifact id: 'be9a68142720d5dbcf89effef962a5ed') in 0.001674 seconds 
Number of asset objects unloaded after import = 0
========================================================================
Received Import Request.
  Time since last request: 0.472309 seconds.
  path: Assets/Scripts/Core/Network/INetworkService.cs
  artifactKey: Guid(2e157fb0dc2f7c7408d04bb5a5ce6191) Importer(815301076,1909f56bfc062723c751e8b465ee728b)
Number of updated assets reloaded before import = 0
Start importing Assets/Scripts/Core/Network/INetworkService.cs using Guid(2e157fb0dc2f7c7408d04bb5a5ce6191) Importer(815301076,1909f56bfc062723c751e8b465ee728b)  -> (artifact id: 'c9ed08c4fa486fb5a6335947a2aac1f3') in 0.001426 seconds 
Number of asset objects unloaded after import = 0
========================================================================
Received Import Request.
  Time since last request: 14.169094 seconds.
  path: Assets/Scripts/Core/Network/NetworkService.cs
  artifactKey: Guid(a0074b0b573e3ec46a97ceb041202b29) Importer(815301076,1909f56bfc062723c751e8b465ee728b)
Number of updated assets reloaded before import = 0
Start importing Assets/Scripts/Core/Network/NetworkService.cs using Guid(a0074b0b573e3ec46a97ceb041202b29) Importer(815301076,1909f56bfc062723c751e8b465ee728b)  -> (artifact id: '940d3a2f90315330ea60c127b4570ee8') in 0.001716 seconds 
Number of asset objects unloaded after import = 0
========================================================================
Received Import Request.
  Time since last request: 164.998167 seconds.
  path: Assets/Scripts/Core/Network/NetworkService.cs
  artifactKey: Guid(a0074b0b573e3ec46a97ceb041202b29) Importer(815301076,1909f56bfc062723c751e8b465ee728b)
Number of updated assets reloaded before import = 0
Start importing Assets/Scripts/Core/Network/NetworkService.cs using Guid(a0074b0b573e3ec46a97ceb041202b29) Importer(815301076,1909f56bfc062723c751e8b465ee728b)  -> (artifact id: '4e45bc313fd785d5ac7652d63076fa2d') in 0.002111 seconds 
Number of asset objects unloaded after import = 0
========================================================================
Received Import Request.
  Time since last request: 22.344448 seconds.
  path: Assets/Scripts/Core/Network/NetworkService.cs
  artifactKey: Guid(a0074b0b573e3ec46a97ceb041202b29) Importer(815301076,1909f56bfc062723c751e8b465ee728b)
Number of updated assets reloaded before import = 0
Start importing Assets/Scripts/Core/Network/NetworkService.cs using Guid(a0074b0b573e3ec46a97ceb041202b29) Importer(815301076,1909f56bfc062723c751e8b465ee728b)  -> (artifact id: '1a5890a420818efbff0368ef525f01f5') in 0.001325 seconds 
Number of asset objects unloaded after import = 0
========================================================================
Received Import Request.
  Time since last request: 229.682052 seconds.
  path: Assets/Scripts/Core/Network/NetworkService.cs
  artifactKey: Guid(a0074b0b573e3ec46a97ceb041202b29) Importer(815301076,1909f56bfc062723c751e8b465ee728b)
Number of updated assets reloaded before import = 0
Start importing Assets/Scripts/Core/Network/NetworkService.cs using Guid(a0074b0b573e3ec46a97ceb041202b29) Importer(815301076,1909f56bfc062723c751e8b465ee728b)  -> (artifact id: '7ee003c1294318796f7763795d08702d') in 0.002594 seconds 
Number of asset objects unloaded after import = 0
========================================================================
Received Import Request.
  Time since last request: 215.006756 seconds.
  path: Assets/Scripts/Core/Network/NetworkService.cs
  artifactKey: Guid(a0074b0b573e3ec46a97ceb041202b29) Importer(815301076,1909f56bfc062723c751e8b465ee728b)
Number of updated assets reloaded before import = 0
Start importing Assets/Scripts/Core/Network/NetworkService.cs using Guid(a0074b0b573e3ec46a97ceb041202b29) Importer(815301076,1909f56bfc062723c751e8b465ee728b)  -> (artifact id: '99036d0adb2268f26b43b01ef707a952') in 0.001264 seconds 
Number of asset objects unloaded after import = 0
========================================================================
Received Import Request.
  Time since last request: 34.391576 seconds.
  path: Assets/Scripts/Core/Network/NetworkService.cs
  artifactKey: Guid(a0074b0b573e3ec46a97ceb041202b29) Importer(815301076,1909f56bfc062723c751e8b465ee728b)
Number of updated assets reloaded before import = 0
Start importing Assets/Scripts/Core/Network/NetworkService.cs using Guid(a0074b0b573e3ec46a97ceb041202b29) Importer(815301076,1909f56bfc062723c751e8b465ee728b)  -> (artifact id: 'da04f9ac1d8e9518ec7e400a5e579c55') in 0.002229 seconds 
Number of asset objects unloaded after import = 0
========================================================================
Received Import Request.
  Time since last request: 202.960417 seconds.
  path: Assets/Scripts/Features/Score/Views/ScoreView.cs
  artifactKey: Guid(8fa8c8803655dce4b97f26b7f4a27b97) Importer(815301076,1909f56bfc062723c751e8b465ee728b)
Number of updated assets reloaded before import = 0
Start importing Assets/Scripts/Features/Score/Views/ScoreView.cs using Guid(8fa8c8803655dce4b97f26b7f4a27b97) Importer(815301076,1909f56bfc062723c751e8b465ee728b)  -> (artifact id: '405987163ce6ae911d7cbf5746a588ca') in 0.001574 seconds 
Number of asset objects unloaded after import = 0
